Using pre-set license
Built from '2022.1/staging' branch; Version is '2022.1.0b8 (cca363eec1bc) revision 13411171'; Using compiler version '192829333'; Build Type 'Release'
OS: 'Windows 11  (10.0.22000) 64bit Core' Language: 'en' Physical Memory: 16309 MB
BatchMode: 1, IsHumanControllingUs: 0, StartBugReporterOnCrash: 0, Is64bit: 1, IsPro: 0

COMMAND LINE ARGUMENTS:
D:\Program Files\Unity\Hub\Editor\2022.1.0b8\Editor\Unity.exe
-adb2
-batchMode
-noUpm
-name
AssetImportWorker4
-projectPath
C:/Users/edand/Unity files/Chess3D/Unity Files
-logFile
Logs/AssetImportWorker4.log
-srvPort
59536
Successfully changed project path to: C:/Users/edand/Unity files/Chess3D/Unity Files
C:/Users/edand/Unity files/Chess3D/Unity Files
[UnityMemory] Configuration Parameters - Can be set up in boot.config
    "memorysetup-bucket-allocator-granularity=16"
    "memorysetup-bucket-allocator-bucket-count=8"
    "memorysetup-bucket-allocator-block-size=33554432"
    "memorysetup-bucket-allocator-block-count=8"
    "memorysetup-main-allocator-block-size=16777216"
    "memorysetup-thread-allocator-block-size=16777216"
    "memorysetup-gfx-main-allocator-block-size=16777216"
    "memorysetup-gfx-thread-allocator-block-size=16777216"
    "memorysetup-cache-allocator-block-size=4194304"
    "memorysetup-typetree-allocator-block-size=2097152"
    "memorysetup-profiler-bucket-allocator-granularity=16"
    "memorysetup-profiler-bucket-allocator-bucket-count=8"
    "memorysetup-profiler-bucket-allocator-block-size=33554432"
    "memorysetup-profiler-bucket-allocator-block-count=8"
    "memorysetup-profiler-allocator-block-size=16777216"
    "memorysetup-profiler-editor-allocator-block-size=1048576"
    "memorysetup-temp-allocator-size-main=16777216"
    "memorysetup-job-temp-allocator-block-size=2097152"
    "memorysetup-job-temp-allocator-block-size-background=1048576"
    "memorysetup-job-temp-allocator-reduction-small-platforms=262144"
    "memorysetup-temp-allocator-size-background-worker=32768"
    "memorysetup-temp-allocator-size-job-worker=262144"
    "memorysetup-temp-allocator-size-preload-manager=33554432"
    "memorysetup-temp-allocator-size-nav-mesh-worker=65536"
    "memorysetup-temp-allocator-size-audio-worker=65536"
    "memorysetup-temp-allocator-size-cloud-worker=32768"
    "memorysetup-temp-allocator-size-gi-baking-worker=262144"
    "memorysetup-temp-allocator-size-gfx=262144"
Refreshing native plugins compatible for Editor in 113.99 ms, found 3 plugins.
Preloading 0 native plugins for Editor in 0.00 ms.
Initialize engine version: 2022.1.0b8 (cca363eec1bc)
[Subsystems] Discovering subsystems at path D:/Program Files/Unity/Hub/Editor/2022.1.0b8/Editor/Data/Resources/UnitySubsystems
[Subsystems] Discovering subsystems at path C:/Users/edand/Unity files/Chess3D/Unity Files/Assets
GfxDevice: creating device client; threaded=0; jobified=0
Direct3D:
    Version:  Direct3D 11.0 [level 11.1]
    Renderer: AMD Radeon RX 5700 (ID=0x731f)
    Vendor:   ATI
    VRAM:     8150 MB
    Driver:   30.0.14023.7007
Initialize mono
Mono path[0] = 'D:/Program Files/Unity/Hub/Editor/2022.1.0b8/Editor/Data/Managed'
Mono path[1] = 'D:/Program Files/Unity/Hub/Editor/2022.1.0b8/Editor/Data/MonoBleedingEdge/lib/mono/unityjit-win32'
Mono config path = 'D:/Program Files/Unity/Hub/Editor/2022.1.0b8/Editor/Data/MonoBleedingEdge/etc'
Using monoOptions --debugger-agent=transport=dt_socket,embedding=1,server=y,suspend=n,address=127.0.0.1:56036
Begin MonoManager ReloadAssembly
Registering precompiled unity dll's ...
Register platform support module: D:/Program Files/Unity/Hub/Editor/2022.1.0b8/Editor/Data/PlaybackEngines/WindowsStandaloneSupport/UnityEditor.WindowsStandalone.Extensions.dll
Registered in 0.002324 seconds.
Native extension for WindowsStandalone target not found
Refreshing native plugins compatible for Editor in 116.31 ms, found 3 plugins.
Preloading 0 native plugins for Editor in 0.00 ms.
Mono: successfully reloaded assembly
- Completed reload, in  0.607 seconds
Domain Reload Profiling:
	ReloadAssembly (608ms)
		BeginReloadAssembly (73ms)
			ExecutionOrderSort (0ms)
			DisableScriptedObjects (0ms)
			BackupInstance (0ms)
			ReleaseScriptingObjects (0ms)
			CreateAndSetChildDomain (1ms)
		EndReloadAssembly (446ms)
			LoadAssemblies (73ms)
			RebuildTransferFunctionScriptingTraits (0ms)
			SetupTypeCache (95ms)
				TypeCache.Initialize (95ms)
					TypeCache.ScanAssembly (94ms)
				ResolveRequiredComponents (0ms)
			ReleaseScriptCaches (0ms)
			RebuildScriptCaches (27ms)
			SetupLoadedEditorAssemblies (282ms)
				LogAssemblyErrors (0ms)
				InitializePlatformSupportModulesInManaged (5ms)
				SetLoadedEditorAssemblies (7ms)
				RefreshPlugins (116ms)
				BeforeProcessingInitializeOnLoad (1ms)
				ProcessInitializeOnLoadAttributes (114ms)
				ProcessInitializeOnLoadMethodAttributes (38ms)
				AfterProcessingInitializeOnLoad (0ms)
				EditorAssembliesLoaded (0ms)
			ExecutionOrderSort2 (0ms)
			AwakeInstancesAfterBackupRestoration (0ms)
Platform modules already initialized, skipping
Registering precompiled user dll's ...
Registered in 0.005287 seconds.
Begin MonoManager ReloadAssembly
Symbol file LoadedFromMemory doesn't match image C:\Users\edand\Unity files\Chess3D\Unity Files\Library\PackageCache\com.unity.visualscripting@1.7.6\Editor\VisualScripting.Core\Dependencies\YamlDotNet\Unity.VisualScripting.YamlDotNet.dll
Symbol file LoadedFromMemory doesn't match image C:\Users\edand\Unity files\Chess3D\Unity Files\Library\PackageCache\com.unity.visualscripting@1.7.6\Editor\VisualScripting.Core\Dependencies\DotNetZip\Unity.VisualScripting.IonicZip.dll
Native extension for WindowsStandalone target not found
Refreshing native plugins compatible for Editor in 120.72 ms, found 3 plugins.
Preloading 0 native plugins for Editor in 0.00 ms.
Mono: successfully reloaded assembly
- Completed reload, in  1.636 seconds
Domain Reload Profiling:
	ReloadAssembly (1636ms)
		BeginReloadAssembly (107ms)
			ExecutionOrderSort (0ms)
			DisableScriptedObjects (4ms)
			BackupInstance (0ms)
			ReleaseScriptingObjects (0ms)
			CreateAndSetChildDomain (18ms)
		EndReloadAssembly (1430ms)
			LoadAssemblies (87ms)
			RebuildTransferFunctionScriptingTraits (0ms)
			SetupTypeCache (296ms)
				TypeCache.Initialize (286ms)
					TypeCache.ScanAssembly (282ms)
				ResolveRequiredComponents (10ms)
			ReleaseScriptCaches (1ms)
			RebuildScriptCaches (87ms)
			SetupLoadedEditorAssemblies (925ms)
				LogAssemblyErrors (0ms)
				InitializePlatformSupportModulesInManaged (3ms)
				SetLoadedEditorAssemblies (7ms)
				RefreshPlugins (121ms)
				BeforeProcessingInitializeOnLoad (109ms)
				ProcessInitializeOnLoadAttributes (531ms)
				ProcessInitializeOnLoadMethodAttributes (151ms)
				AfterProcessingInitializeOnLoad (2ms)
				EditorAssembliesLoaded (0ms)
			ExecutionOrderSort2 (0ms)
			AwakeInstancesAfterBackupRestoration (5ms)
Platform modules already initialized, skipping
========================================================================
Worker process is ready to serve import requests
Launched and connected shader compiler UnityShaderCompiler.exe after 0.08 seconds
Refreshing native plugins compatible for Editor in 0.97 ms, found 3 plugins.
Preloading 0 native plugins for Editor in 0.00 ms.
Unloading 6147 Unused Serialized files (Serialized files now loaded: 0)
Unloading 47 unused Assets / (3.4 MB). Loaded Objects now: 6614.
Memory consumption went from 0.98 GB to 0.98 GB.
Total: 3.941100 ms (FindLiveObjects: 0.466000 ms CreateObjectMapping: 0.143400 ms MarkObjects: 2.716900 ms  DeleteObjects: 0.614000 ms)

AssetImportParameters requested are different than current active one (requested -> active):
  custom:video-decoder-ogg-theora: a1e56fd34408186e4bbccfd4996cb3dc -> 
  custom:container-muxer-webm: aa71ff27fc2769a1b78a27578f13a17b -> 
  custom:container-demuxer-webm: 4f35f7cbe854078d1ac9338744f61a02 -> 
  custom:video-encoder-webm-vp8: eb34c28f22e8b96e1ab97ce403110664 -> 
  custom:audio-encoder-webm-vorbis: bf7c407c2cedff20999df2af8eb42d56 -> 
  custom:framework-win-MediaFoundation: 216162199b28c13a410421893ffa2e32 -> 
  custom:container-demuxer-ogg: 62fdf1f143b41e24485cea50d1cbac27 -> 
  custom:video-decoder-webm-vp8: 9c59270c3fd7afecdb556c50c9e8de78 -> 
  custom:audio-decoder-ogg-vorbis: bf7c407c2cedff20999df2af8eb42d56 -> 
========================================================================
Received Import Request.
  Time since last request: 51597.771642 seconds.
  path: Assets/Textures/White Piece/4K-wood_fine_7-normal.jpg
  artifactKey: Guid(e1783e6fccb2d454faf607bd79922f79) Importer(815301076,1909f56bfc062723c751e8b465ee728b)
Start importing Assets/Textures/White Piece/4K-wood_fine_7-normal.jpg using Guid(e1783e6fccb2d454faf607bd79922f79) Importer(815301076,1909f56bfc062723c751e8b465ee728b)  -> (artifact id: '791518723c02374d406075bc2d962092') in 0.098844 seconds 
========================================================================
Received Import Request.
  Time since last request: 92.204871 seconds.
  path: Assets/Materials/White Pieces/White Piece Body_MaskMap.png
  artifactKey: Guid(66efdb6649a35cb46a8eab39ea35678d) Importer(815301076,1909f56bfc062723c751e8b465ee728b)
Start importing Assets/Materials/White Pieces/White Piece Body_MaskMap.png using Guid(66efdb6649a35cb46a8eab39ea35678d) Importer(815301076,1909f56bfc062723c751e8b465ee728b)  -> (artifact id: '2ebc363453ee290fd3fbcdee3fca248e') in 0.017807 seconds 
========================================================================
Received Import Request.
  Time since last request: 15.443524 seconds.
  path: Assets/Materials/Black Pieces/Black Piece Base.mat
  artifactKey: Guid(e9036b9080b21db438d801655857f858) Importer(815301076,1909f56bfc062723c751e8b465ee728b)
Start importing Assets/Materials/Black Pieces/Black Piece Base.mat using Guid(e9036b9080b21db438d801655857f858) Importer(815301076,1909f56bfc062723c751e8b465ee728b)  -> (artifact id: '71a3f0ec195b685b09c22325fcdce766') in 0.989821 seconds 
========================================================================
Received Import Request.
  Time since last request: 44.577785 seconds.
  path: Assets/Settings/HDRPDefaultResources/DefaultLookDevProfile.asset
  artifactKey: Guid(4594f4a3fb14247e192bcca6dc23c8ed) Importer(815301076,1909f56bfc062723c751e8b465ee728b)
Start importing Assets/Settings/HDRPDefaultResources/DefaultLookDevProfile.asset using Guid(4594f4a3fb14247e192bcca6dc23c8ed) Importer(815301076,1909f56bfc062723c751e8b465ee728b)  -> (artifact id: '4b492d1e307ec5d5f1076c54f746b1f0') in 0.010426 seconds 
========================================================================
Received Import Request.
  Time since last request: 43.813665 seconds.
  path: Assets/Materials/White Pieces/White Piece Body.mat
  artifactKey: Guid(b8b12440a9301cb4cb67971dc66a8939) Importer(815301076,1909f56bfc062723c751e8b465ee728b)
Start importing Assets/Materials/White Pieces/White Piece Body.mat using Guid(b8b12440a9301cb4cb67971dc66a8939) Importer(815301076,1909f56bfc062723c751e8b465ee728b)  -> (artifact id: 'f6875b1ae6c07635f74bcfcb63a91563') in 0.397283 seconds 
========================================================================
Received Import Request.
  Time since last request: 73.490451 seconds.
  path: Assets/Materials/White Pieces/Bishop.prefab
  artifactKey: Guid(4eeb24cbe01ba5643a2aaf0a66e95789) Importer(815301076,1909f56bfc062723c751e8b465ee728b)
Start importing Assets/Materials/White Pieces/Bishop.prefab using Guid(4eeb24cbe01ba5643a2aaf0a66e95789) Importer(815301076,1909f56bfc062723c751e8b465ee728b)  -> (artifact id: '0659243c2266e1940609caa8441388f8') in 0.217068 seconds 
========================================================================
Received Import Request.
  Time since last request: 6.625388 seconds.
  path: Assets/Global Volume Profile.asset
  artifactKey: Guid(f1fbc762a460522469b75777113d7d23) Importer(815301076,1909f56bfc062723c751e8b465ee728b)
Start importing Assets/Global Volume Profile.asset using Guid(f1fbc762a460522469b75777113d7d23) Importer(815301076,1909f56bfc062723c751e8b465ee728b)  -> (artifact id: 'ed42ea0d5133e420cb16cfe346a89aee') in 0.007543 seconds 
========================================================================
Received Import Request.
  Time since last request: 1.444276 seconds.
  path: Assets/Prefabs/Bishop.prefab
  artifactKey: Guid(a1aac1b0bc06b0e41bb760696c35b731) Importer(815301076,1909f56bfc062723c751e8b465ee728b)
Start importing Assets/Prefabs/Bishop.prefab using Guid(a1aac1b0bc06b0e41bb760696c35b731) Importer(815301076,1909f56bfc062723c751e8b465ee728b)  -> (artifact id: '3233661cce01089d3f96dcf419680038') in 0.194160 seconds 
========================================================================
Received Import Request.
  Time since last request: 5.623506 seconds.
  path: Assets/Prefabs/White
  artifactKey: Guid(6858d3475120d6b4eb0464e7034d3ce4) Importer(815301076,1909f56bfc062723c751e8b465ee728b)
Start importing Assets/Prefabs/White using Guid(6858d3475120d6b4eb0464e7034d3ce4) Importer(815301076,1909f56bfc062723c751e8b465ee728b)  -> (artifact id: 'a23c94b8bfb5f2ce5f6b79e11359cad6') in 0.008202 seconds 
========================================================================
Received Import Request.
  Time since last request: 5.510553 seconds.
  path: Assets/Prefabs/Black
  artifactKey: Guid(e0f43c067e9d2d442b9c3fc99b9cb3a8) Importer(815301076,1909f56bfc062723c751e8b465ee728b)
Start importing Assets/Prefabs/Black using Guid(e0f43c067e9d2d442b9c3fc99b9cb3a8) Importer(815301076,1909f56bfc062723c751e8b465ee728b)  -> (artifact id: 'bf439549d8676f85540c2ace5bf2f449') in 0.007207 seconds 
========================================================================
Received Import Request.
  Time since last request: 10.048131 seconds.
  path: Assets/Prefabs/White/Bishop 1.prefab
  artifactKey: Guid(4eeb24cbe01ba5643a2aaf0a66e95789) Importer(815301076,1909f56bfc062723c751e8b465ee728b)
Start importing Assets/Prefabs/White/Bishop 1.prefab using Guid(4eeb24cbe01ba5643a2aaf0a66e95789) Importer(815301076,1909f56bfc062723c751e8b465ee728b)  -> (artifact id: '961785098ce03a82d44262660ecfe54f') in 0.200316 seconds 
========================================================================
Received Import Request.
  Time since last request: 230.858854 seconds.
  path: Assets/Global Volume Profile.asset
  artifactKey: Guid(f1fbc762a460522469b75777113d7d23) Importer(815301076,1909f56bfc062723c751e8b465ee728b)
Start importing Assets/Global Volume Profile.asset using Guid(f1fbc762a460522469b75777113d7d23) Importer(815301076,1909f56bfc062723c751e8b465ee728b)  -> (artifact id: 'c35a983b3b8eed678fe7af77dd744006') in 0.003504 seconds 
========================================================================
Received Import Request.
  Time since last request: 3.997171 seconds.
  path: Assets/Textures/Skybox Cubemaps
  artifactKey: Guid(e68f212bca430454bafeae3d5afd3619) Importer(815301076,1909f56bfc062723c751e8b465ee728b)
Start importing Assets/Textures/Skybox Cubemaps using Guid(e68f212bca430454bafeae3d5afd3619) Importer(815301076,1909f56bfc062723c751e8b465ee728b)  -> (artifact id: '485927274e692655033bca996c5bb023') in 0.007300 seconds 
========================================================================
Received Import Request.
  Time since last request: 0.044891 seconds.
  path: Assets/Textures/Skybox Cubemaps/sunset.hdr
  artifactKey: Guid(13fe4f4fdc85430458a2abbe97270df7) Importer(815301076,1909f56bfc062723c751e8b465ee728b)
Start importing Assets/Textures/Skybox Cubemaps/sunset.hdr using Guid(13fe4f4fdc85430458a2abbe97270df7) Importer(815301076,1909f56bfc062723c751e8b465ee728b)  -> (artifact id: '7049de11d9a8a810af5fe4879da8b1e7') in 0.019795 seconds 
========================================================================
Received Import Request.
  Time since last request: 42.202398 seconds.
  path: Assets/Textures/Skybox Cubemaps/sunset.hdr
  artifactKey: Guid(13fe4f4fdc85430458a2abbe97270df7) Importer(815301076,1909f56bfc062723c751e8b465ee728b)
Start importing Assets/Textures/Skybox Cubemaps/sunset.hdr using Guid(13fe4f4fdc85430458a2abbe97270df7) Importer(815301076,1909f56bfc062723c751e8b465ee728b)  -> (artifact id: '998a86765cb876678e44d8806d582a8b') in 0.190694 seconds 
========================================================================
Received Import Request.
  Time since last request: 74.549232 seconds.
  path: Assets/Materials/Chess Board/White Squares.mat
  artifactKey: Guid(66f338e4c5e524f4d992ac7e288b84d6) Importer(815301076,1909f56bfc062723c751e8b465ee728b)
Start importing Assets/Materials/Chess Board/White Squares.mat using Guid(66f338e4c5e524f4d992ac7e288b84d6) Importer(815301076,1909f56bfc062723c751e8b465ee728b)  -> (artifact id: '43d25c7a354206ebf2b6fd75ad25f468') in 0.025471 seconds 
========================================================================
Received Import Request.
  Time since last request: 9.699991 seconds.
  path: Assets/Materials/Chess Board/Black Squares.mat
  artifactKey: Guid(72b839f0eacc58f45bbe350c49f0d830) Importer(815301076,1909f56bfc062723c751e8b465ee728b)
Start importing Assets/Materials/Chess Board/Black Squares.mat using Guid(72b839f0eacc58f45bbe350c49f0d830) Importer(815301076,1909f56bfc062723c751e8b465ee728b)  -> (artifact id: '6aa53536b0b1cdc5aeef757ba6a86235') in 0.023391 seconds 
========================================================================
Received Import Request.
  Time since last request: 12.315223 seconds.
  path: Assets/Materials/Chess Board/Edge.mat
  artifactKey: Guid(ac3e37e7dafdfe9479fa2de9f3584033) Importer(815301076,1909f56bfc062723c751e8b465ee728b)
Start importing Assets/Materials/Chess Board/Edge.mat using Guid(ac3e37e7dafdfe9479fa2de9f3584033) Importer(815301076,1909f56bfc062723c751e8b465ee728b)  -> (artifact id: '25b300c06bb9aabe12b3ef3df79b8205') in 0.019204 seconds 
========================================================================
Received Import Request.
  Time since last request: 9.966854 seconds.
  path: Assets/Materials/Chess Board/Sides.mat
  artifactKey: Guid(c553947941a74eb47ac5388edb8a51fc) Importer(815301076,1909f56bfc062723c751e8b465ee728b)
Start importing Assets/Materials/Chess Board/Sides.mat using Guid(c553947941a74eb47ac5388edb8a51fc) Importer(815301076,1909f56bfc062723c751e8b465ee728b)  -> (artifact id: 'ec160f1eae0ba05f460cc4890f77cbad') in 0.019471 seconds 
========================================================================
Received Import Request.
  Time since last request: 4.754401 seconds.
  path: Assets/Textures/Skybox Cubemaps/Materials/sunset.mat
  artifactKey: Guid(65d99b08c04e7b949b24e6b0e00e2685) Importer(815301076,1909f56bfc062723c751e8b465ee728b)
Start importing Assets/Textures/Skybox Cubemaps/Materials/sunset.mat using Guid(65d99b08c04e7b949b24e6b0e00e2685) Importer(815301076,1909f56bfc062723c751e8b465ee728b)  -> (artifact id: '6d4eb120044d3e68703db1a1c99e8a9c') in 0.319372 seconds 
========================================================================
Received Import Request.
  Time since last request: 185.757230 seconds.
  path: Assets/Global Volume Profile.asset
  artifactKey: Guid(f1fbc762a460522469b75777113d7d23) Importer(815301076,1909f56bfc062723c751e8b465ee728b)
Start importing Assets/Global Volume Profile.asset using Guid(f1fbc762a460522469b75777113d7d23) Importer(815301076,1909f56bfc062723c751e8b465ee728b)  -> (artifact id: '86428804adc0b352443d0fe08cd0ef56') in 0.071022 seconds 
========================================================================
Received Import Request.
  Time since last request: 39.909365 seconds.
  path: Assets/Models/Chess Set.fbx
  artifactKey: Guid(c36b03ec3d251734884f6fb596894252) Importer(815301076,1909f56bfc062723c751e8b465ee728b)
Start importing Assets/Models/Chess Set.fbx using Guid(c36b03ec3d251734884f6fb596894252) Importer(815301076,1909f56bfc062723c751e8b465ee728b)  -> (artifact id: '2ad473be27a6742f6b472ec68cc64c2e') in 0.598257 seconds 
========================================================================
Received Import Request.
  Time since last request: 574.801914 seconds.
  path: Assets/Materials/Table
  artifactKey: Guid(91df6fec1b0fba841849f620932ec8b0) Importer(815301076,1909f56bfc062723c751e8b465ee728b)
Start importing Assets/Materials/Table using Guid(91df6fec1b0fba841849f620932ec8b0) Importer(815301076,1909f56bfc062723c751e8b465ee728b)  -> (artifact id: '5f6beead4285646da2c6fb4caa943097') in 0.007775 seconds 
========================================================================
Received Import Request.
  Time since last request: 6.561878 seconds.
  path: Assets/Materials/Table/Table.mat
  artifactKey: Guid(ef22ba7d59820314f901002d7c0f16d3) Importer(815301076,1909f56bfc062723c751e8b465ee728b)
Start importing Assets/Materials/Table/Table.mat using Guid(ef22ba7d59820314f901002d7c0f16d3) Importer(815301076,1909f56bfc062723c751e8b465ee728b)  -> (artifact id: 'd9dd388d2c6e28784573c28bd3fcba55') in 0.031080 seconds 
========================================================================
Received Import Request.
  Time since last request: 68.051858 seconds.
  path: Assets/Textures/Table/4K-anzem_basecolor.png
  artifactKey: Guid(c398e4f9bf978ff44b4b8f7eb76737dd) Importer(815301076,1909f56bfc062723c751e8b465ee728b)
Start importing Assets/Textures/Table/4K-anzem_basecolor.png using Guid(c398e4f9bf978ff44b4b8f7eb76737dd) Importer(815301076,1909f56bfc062723c751e8b465ee728b)  -> (artifact id: 'a0b33eda69636813cda6f1ca4aada336') in 0.020353 seconds 
========================================================================
Received Import Request.
  Time since last request: 0.000040 seconds.
  path: Assets/Textures/Table/4K-anzem_roughness.png
  artifactKey: Guid(c8dc3cf0342a7b74d81c9e3d6501da10) Importer(815301076,1909f56bfc062723c751e8b465ee728b)
Start importing Assets/Textures/Table/4K-anzem_roughness.png using Guid(c8dc3cf0342a7b74d81c9e3d6501da10) Importer(815301076,1909f56bfc062723c751e8b465ee728b)  -> (artifact id: '423950c7a0fa9cc747092cde41c6c0e3') in 0.020797 seconds 
========================================================================
Received Import Request.
  Time since last request: 0.000032 seconds.
  path: Assets/Textures/Table/4K-anzem_metallic.png
  artifactKey: Guid(6cd0478f1a37f0a448f5e34ffd6b9d57) Importer(815301076,1909f56bfc062723c751e8b465ee728b)
Start importing Assets/Textures/Table/4K-anzem_metallic.png using Guid(6cd0478f1a37f0a448f5e34ffd6b9d57) Importer(815301076,1909f56bfc062723c751e8b465ee728b)  -> (artifact id: '65c6717d636fbfece12b61b9a69be6f8') in 0.020038 seconds 
========================================================================
Received Import Request.
  Time since last request: 21.017444 seconds.
  path: Assets/Textures/Table/4K-anzem_normal.png
  artifactKey: Guid(c4c978a9aee668c40bd3a5e5465daa79) Importer(815301076,1909f56bfc062723c751e8b465ee728b)
Start importing Assets/Textures/Table/4K-anzem_normal.png using Guid(c4c978a9aee668c40bd3a5e5465daa79) Importer(815301076,1909f56bfc062723c751e8b465ee728b)  -> (artifact id: 'b277877a145d2063fdda10e54b31ea55') in 0.016441 seconds 
========================================================================
Received Import Request.
  Time since last request: 38.885239 seconds.
  path: Assets/Materials/Table/Table_MaskMap.png
  artifactKey: Guid(6d9263db584199941abe14be45d946d5) Importer(815301076,1909f56bfc062723c751e8b465ee728b)
Start importing Assets/Materials/Table/Table_MaskMap.png using Guid(6d9263db584199941abe14be45d946d5) Importer(815301076,1909f56bfc062723c751e8b465ee728b)  -> (artifact id: '85fc0ca2e6d131bd90c66a8d50e8ca9c') in 0.014091 seconds 
========================================================================
Received Import Request.
  Time since last request: 416.595323 seconds.
  path: Assets/Materials/Table/New Lighting Settings.lighting
  artifactKey: Guid(f1a1abcfc0b84bf4da01942c35ff425e) Importer(815301076,1909f56bfc062723c751e8b465ee728b)
Start importing Assets/Materials/Table/New Lighting Settings.lighting using Guid(f1a1abcfc0b84bf4da01942c35ff425e) Importer(815301076,1909f56bfc062723c751e8b465ee728b)  -> (artifact id: 'efeff7e872b6b5dfdedc4a7d0db1ad87') in 0.009932 seconds 
========================================================================
Received Import Request.
  Time since last request: 139.269699 seconds.
  path: Assets/Materials/Table/Table.mat
  artifactKey: Guid(ef22ba7d59820314f901002d7c0f16d3) Importer(815301076,1909f56bfc062723c751e8b465ee728b)
Start importing Assets/Materials/Table/Table.mat using Guid(ef22ba7d59820314f901002d7c0f16d3) Importer(815301076,1909f56bfc062723c751e8b465ee728b)  -> (artifact id: '973461ae808a1af46a65341fe9d6c740') in 0.034754 seconds 
========================================================================
Received Import Request.
  Time since last request: 236.667405 seconds.
  path: Assets/Materials/Table/New Lighting Settings.lighting
  artifactKey: Guid(f1a1abcfc0b84bf4da01942c35ff425e) Importer(815301076,1909f56bfc062723c751e8b465ee728b)
Start importing Assets/Materials/Table/New Lighting Settings.lighting using Guid(f1a1abcfc0b84bf4da01942c35ff425e) Importer(815301076,1909f56bfc062723c751e8b465ee728b) LightingSettings: switching bake backend from 1 to 2.
 -> (artifact id: '4f6844f5f1f3016f886f015e22e3ce5c') in 0.003192 seconds 
========================================================================
Received Import Request.
  Time since last request: 530.625909 seconds.
  path: Assets/Global Volume Profile.asset
  artifactKey: Guid(f1fbc762a460522469b75777113d7d23) Importer(815301076,1909f56bfc062723c751e8b465ee728b)
Start importing Assets/Global Volume Profile.asset using Guid(f1fbc762a460522469b75777113d7d23) Importer(815301076,1909f56bfc062723c751e8b465ee728b)  -> (artifact id: '1edc90216e11f20d8a99fc89a21f70d0') in 0.050098 seconds 
========================================================================
Received Import Request.
  Time since last request: 1.091734 seconds.
  path: Assets/Settings/HDRP High Fidelity.asset
  artifactKey: Guid(36dd385e759c96147b6463dcd1149c11) Importer(815301076,1909f56bfc062723c751e8b465ee728b)
Start importing Assets/Settings/HDRP High Fidelity.asset using Guid(36dd385e759c96147b6463dcd1149c11) Importer(815301076,1909f56bfc062723c751e8b465ee728b)  -> (artifact id: '79dd3cae3f41b9ef0c668573ec16e88c') in 0.007893 seconds 
========================================================================
Received Import Request.
  Time since last request: 276.348487 seconds.
  path: Assets/Settings/HDRP High Fidelity.asset
  artifactKey: Guid(36dd385e759c96147b6463dcd1149c11) Importer(815301076,1909f56bfc062723c751e8b465ee728b)
Start importing Assets/Settings/HDRP High Fidelity.asset using Guid(36dd385e759c96147b6463dcd1149c11) Importer(815301076,1909f56bfc062723c751e8b465ee728b)  -> (artifact id: 'e6d94f62277eb35c6d7c1b982889526b') in 0.004097 seconds 
========================================================================
Received Prepare
Registering precompiled user dll's ...
Registered in 0.004583 seconds.
Begin MonoManager ReloadAssembly
Symbol file LoadedFromMemory doesn't match image C:\Users\edand\Unity files\Chess3D\Unity Files\Library\PackageCache\com.unity.visualscripting@1.7.6\Editor\VisualScripting.Core\Dependencies\YamlDotNet\Unity.VisualScripting.YamlDotNet.dll
Symbol file LoadedFromMemory doesn't match image C:\Users\edand\Unity files\Chess3D\Unity Files\Library\PackageCache\com.unity.visualscripting@1.7.6\Editor\VisualScripting.Core\Dependencies\DotNetZip\Unity.VisualScripting.IonicZip.dll
Native extension for WindowsStandalone target not found
Refreshing native plugins compatible for Editor in 1.70 ms, found 3 plugins.
Preloading 0 native plugins for Editor in 0.00 ms.
Mono: successfully reloaded assembly
- Completed reload, in  1.688 seconds
Domain Reload Profiling:
	ReloadAssembly (1689ms)
		BeginReloadAssembly (341ms)
			ExecutionOrderSort (0ms)
			DisableScriptedObjects (87ms)
			BackupInstance (0ms)
			ReleaseScriptingObjects (0ms)
			CreateAndSetChildDomain (128ms)
		EndReloadAssembly (1268ms)
			LoadAssemblies (89ms)
			RebuildTransferFunctionScriptingTraits (0ms)
			SetupTypeCache (359ms)
				TypeCache.Initialize (346ms)
					TypeCache.ScanAssembly (338ms)
				ResolveRequiredComponents (13ms)
			ReleaseScriptCaches (2ms)
			RebuildScriptCaches (86ms)
			SetupLoadedEditorAssemblies (602ms)
				LogAssemblyErrors (0ms)
				InitializePlatformSupportModulesInManaged (11ms)
				SetLoadedEditorAssemblies (8ms)
				RefreshPlugins (2ms)
				BeforeProcessingInitializeOnLoad (111ms)
				ProcessInitializeOnLoadAttributes (432ms)
				ProcessInitializeOnLoadMethodAttributes (33ms)
				AfterProcessingInitializeOnLoad (3ms)
				EditorAssembliesLoaded (0ms)
			ExecutionOrderSort2 (0ms)
			AwakeInstancesAfterBackupRestoration (16ms)
Platform modules already initialized, skipping
Refreshing native plugins compatible for Editor in 2.25 ms, found 3 plugins.
Preloading 0 native plugins for Editor in 0.00 ms.
Unloading 5822 Unused Serialized files (Serialized files now loaded: 0)
Unloading 41 unused Assets / (3.4 MB). Loaded Objects now: 6773.
Memory consumption went from 0.93 GB to 0.93 GB.
Total: 5.226100 ms (FindLiveObjects: 0.454700 ms CreateObjectMapping: 0.148800 ms MarkObjects: 3.813300 ms  DeleteObjects: 0.807900 ms)

AssetImportParameters requested are different than current active one (requested -> active):
  custom:video-decoder-ogg-theora: a1e56fd34408186e4bbccfd4996cb3dc -> 
  custom:container-muxer-webm: aa71ff27fc2769a1b78a27578f13a17b -> 
  custom:container-demuxer-webm: 4f35f7cbe854078d1ac9338744f61a02 -> 
  custom:video-encoder-webm-vp8: eb34c28f22e8b96e1ab97ce403110664 -> 
  custom:audio-encoder-webm-vorbis: bf7c407c2cedff20999df2af8eb42d56 -> 
  custom:framework-win-MediaFoundation: 216162199b28c13a410421893ffa2e32 -> 
  custom:container-demuxer-ogg: 62fdf1f143b41e24485cea50d1cbac27 -> 
  custom:video-decoder-webm-vp8: 9c59270c3fd7afecdb556c50c9e8de78 -> 
  custom:audio-decoder-ogg-vorbis: bf7c407c2cedff20999df2af8eb42d56 -> 
========================================================================
Received Prepare
Registering precompiled user dll's ...
Registered in 0.005988 seconds.
Begin MonoManager ReloadAssembly
Symbol file LoadedFromMemory doesn't match image C:\Users\edand\Unity files\Chess3D\Unity Files\Library\PackageCache\com.unity.visualscripting@1.7.6\Editor\VisualScripting.Core\Dependencies\YamlDotNet\Unity.VisualScripting.YamlDotNet.dll
Symbol file LoadedFromMemory doesn't match image C:\Users\edand\Unity files\Chess3D\Unity Files\Library\PackageCache\com.unity.visualscripting@1.7.6\Editor\VisualScripting.Core\Dependencies\DotNetZip\Unity.VisualScripting.IonicZip.dll
Native extension for WindowsStandalone target not found
Refreshing native plugins compatible for Editor in 1.03 ms, found 3 plugins.
Preloading 0 native plugins for Editor in 0.00 ms.
Mono: successfully reloaded assembly
- Completed reload, in  1.428 seconds
Domain Reload Profiling:
	ReloadAssembly (1428ms)
		BeginReloadAssembly (154ms)
			ExecutionOrderSort (0ms)
			DisableScriptedObjects (6ms)
			BackupInstance (0ms)
			ReleaseScriptingObjects (0ms)
			CreateAndSetChildDomain (48ms)
		EndReloadAssembly (1189ms)
			LoadAssemblies (82ms)
			RebuildTransferFunctionScriptingTraits (0ms)
			SetupTypeCache (321ms)
				TypeCache.Initialize (310ms)
					TypeCache.ScanAssembly (303ms)
				ResolveRequiredComponents (11ms)
			ReleaseScriptCaches (2ms)
			RebuildScriptCaches (82ms)
			SetupLoadedEditorAssemblies (575ms)
				LogAssemblyErrors (0ms)
				InitializePlatformSupportModulesInManaged (10ms)
				SetLoadedEditorAssemblies (7ms)
				RefreshPlugins (1ms)
				BeforeProcessingInitializeOnLoad (92ms)
				ProcessInitializeOnLoadAttributes (431ms)
				ProcessInitializeOnLoadMethodAttributes (31ms)
				AfterProcessingInitializeOnLoad (2ms)
				EditorAssembliesLoaded (0ms)
			ExecutionOrderSort2 (0ms)
			AwakeInstancesAfterBackupRestoration (16ms)
Platform modules already initialized, skipping
Refreshing native plugins compatible for Editor in 2.05 ms, found 3 plugins.
Preloading 0 native plugins for Editor in 0.00 ms.
Unloading 5821 Unused Serialized files (Serialized files now loaded: 0)
Unloading 40 unused Assets / (3.4 MB). Loaded Objects now: 6775.
Memory consumption went from 0.93 GB to 0.93 GB.
Total: 4.599100 ms (FindLiveObjects: 0.481600 ms CreateObjectMapping: 0.149500 ms MarkObjects: 2.913700 ms  DeleteObjects: 1.052900 ms)

AssetImportParameters requested are different than current active one (requested -> active):
  custom:video-decoder-ogg-theora: a1e56fd34408186e4bbccfd4996cb3dc -> 
  custom:container-muxer-webm: aa71ff27fc2769a1b78a27578f13a17b -> 
  custom:container-demuxer-webm: 4f35f7cbe854078d1ac9338744f61a02 -> 
  custom:video-encoder-webm-vp8: eb34c28f22e8b96e1ab97ce403110664 -> 
  custom:audio-encoder-webm-vorbis: bf7c407c2cedff20999df2af8eb42d56 -> 
  custom:framework-win-MediaFoundation: 216162199b28c13a410421893ffa2e32 -> 
  custom:container-demuxer-ogg: 62fdf1f143b41e24485cea50d1cbac27 -> 
  custom:video-decoder-webm-vp8: 9c59270c3fd7afecdb556c50c9e8de78 -> 
  custom:audio-decoder-ogg-vorbis: bf7c407c2cedff20999df2af8eb42d56 -> 
========================================================================
Received Import Request.
  Time since last request: 610.377121 seconds.
  path: Assets/Global Volume Profile.asset
  artifactKey: Guid(f1fbc762a460522469b75777113d7d23) Importer(815301076,1909f56bfc062723c751e8b465ee728b)
Start importing Assets/Global Volume Profile.asset using Guid(f1fbc762a460522469b75777113d7d23) Importer(815301076,1909f56bfc062723c751e8b465ee728b)  -> (artifact id: '1c79b147476dcfd94f3151ce8a0eb9ef') in 0.062901 seconds 
========================================================================
Received Import Request.
  Time since last request: 4.799498 seconds.
  path: Assets/Materials/Chess Board/Black Squares.mat
  artifactKey: Guid(72b839f0eacc58f45bbe350c49f0d830) Importer(815301076,1909f56bfc062723c751e8b465ee728b)
Start importing Assets/Materials/Chess Board/Black Squares.mat using Guid(72b839f0eacc58f45bbe350c49f0d830) Importer(815301076,1909f56bfc062723c751e8b465ee728b)  -> (artifact id: '1615fea5a730c4df1766762a307d7413') in 0.987888 seconds 
========================================================================
Received Import Request.
  Time since last request: 0.000031 seconds.
  path: Assets/Materials/Chess Board/White Squares.mat
  artifactKey: Guid(66f338e4c5e524f4d992ac7e288b84d6) Importer(815301076,1909f56bfc062723c751e8b465ee728b)
Start importing Assets/Materials/Chess Board/White Squares.mat using Guid(66f338e4c5e524f4d992ac7e288b84d6) Importer(815301076,1909f56bfc062723c751e8b465ee728b)  -> (artifact id: '547f35eab6ba4d0f45745dda0ab1b945') in 0.324663 seconds 
========================================================================
Received Prepare
Registering precompiled user dll's ...
Registered in 0.005442 seconds.
Begin MonoManager ReloadAssembly
Symbol file LoadedFromMemory doesn't match image C:\Users\edand\Unity files\Chess3D\Unity Files\Library\PackageCache\com.unity.visualscripting@1.7.6\Editor\VisualScripting.Core\Dependencies\YamlDotNet\Unity.VisualScripting.YamlDotNet.dll
Symbol file LoadedFromMemory doesn't match image C:\Users\edand\Unity files\Chess3D\Unity Files\Library\PackageCache\com.unity.visualscripting@1.7.6\Editor\VisualScripting.Core\Dependencies\DotNetZip\Unity.VisualScripting.IonicZip.dll
Native extension for WindowsStandalone target not found
Refreshing native plugins compatible for Editor in 1.97 ms, found 3 plugins.
Preloading 0 native plugins for Editor in 0.00 ms.
Mono: successfully reloaded assembly
- Completed reload, in  1.499 seconds
Domain Reload Profiling:
	ReloadAssembly (1500ms)
		BeginReloadAssembly (206ms)
			ExecutionOrderSort (0ms)
			DisableScriptedObjects (36ms)
			BackupInstance (0ms)
			ReleaseScriptingObjects (0ms)
			CreateAndSetChildDomain (58ms)
		EndReloadAssembly (1210ms)
			LoadAssemblies (85ms)
			RebuildTransferFunctionScriptingTraits (0ms)
			SetupTypeCache (318ms)
				TypeCache.Initialize (308ms)
					TypeCache.ScanAssembly (300ms)
				ResolveRequiredComponents (10ms)
			ReleaseScriptCaches (2ms)
			RebuildScriptCaches (79ms)
			SetupLoadedEditorAssemblies (588ms)
				LogAssemblyErrors (0ms)
				InitializePlatformSupportModulesInManaged (10ms)
				SetLoadedEditorAssemblies (9ms)
				RefreshPlugins (2ms)
				BeforeProcessingInitializeOnLoad (101ms)
				ProcessInitializeOnLoadAttributes (428ms)
				ProcessInitializeOnLoadMethodAttributes (34ms)
				AfterProcessingInitializeOnLoad (3ms)
				EditorAssembliesLoaded (0ms)
			ExecutionOrderSort2 (0ms)
			AwakeInstancesAfterBackupRestoration (17ms)
Platform modules already initialized, skipping
Refreshing native plugins compatible for Editor in 2.69 ms, found 3 plugins.
Preloading 0 native plugins for Editor in 0.00 ms.
Unloading 5821 Unused Serialized files (Serialized files now loaded: 0)
Unloading 40 unused Assets / (3.4 MB). Loaded Objects now: 6886.
Memory consumption went from 0.93 GB to 0.93 GB.
Total: 5.662500 ms (FindLiveObjects: 0.468300 ms CreateObjectMapping: 0.365500 ms MarkObjects: 4.111200 ms  DeleteObjects: 0.716400 ms)

AssetImportParameters requested are different than current active one (requested -> active):
  custom:video-decoder-ogg-theora: a1e56fd34408186e4bbccfd4996cb3dc -> 
  custom:container-muxer-webm: aa71ff27fc2769a1b78a27578f13a17b -> 
  custom:container-demuxer-webm: 4f35f7cbe854078d1ac9338744f61a02 -> 
  custom:video-encoder-webm-vp8: eb34c28f22e8b96e1ab97ce403110664 -> 
  custom:audio-encoder-webm-vorbis: bf7c407c2cedff20999df2af8eb42d56 -> 
  custom:framework-win-MediaFoundation: 216162199b28c13a410421893ffa2e32 -> 
  custom:container-demuxer-ogg: 62fdf1f143b41e24485cea50d1cbac27 -> 
  custom:video-decoder-webm-vp8: 9c59270c3fd7afecdb556c50c9e8de78 -> 
  custom:audio-decoder-ogg-vorbis: bf7c407c2cedff20999df2af8eb42d56 -> 
========================================================================
Received Import Request.
  Time since last request: 669.020770 seconds.
  path: Assets/Global Volume Profile.asset
  artifactKey: Guid(f1fbc762a460522469b75777113d7d23) Importer(815301076,1909f56bfc062723c751e8b465ee728b)
Start importing Assets/Global Volume Profile.asset using Guid(f1fbc762a460522469b75777113d7d23) Importer(815301076,1909f56bfc062723c751e8b465ee728b)  -> (artifact id: '1eb395eded0ec12186c3f216afd09ec1') in 0.066946 seconds 
========================================================================
Received Prepare
Registering precompiled user dll's ...
Registered in 0.006313 seconds.
Begin MonoManager ReloadAssembly
Symbol file LoadedFromMemory doesn't match image C:\Users\edand\Unity files\Chess3D\Unity Files\Library\PackageCache\com.unity.visualscripting@1.7.6\Editor\VisualScripting.Core\Dependencies\YamlDotNet\Unity.VisualScripting.YamlDotNet.dll
Symbol file LoadedFromMemory doesn't match image C:\Users\edand\Unity files\Chess3D\Unity Files\Library\PackageCache\com.unity.visualscripting@1.7.6\Editor\VisualScripting.Core\Dependencies\DotNetZip\Unity.VisualScripting.IonicZip.dll
Native extension for WindowsStandalone target not found
Refreshing native plugins compatible for Editor in 1.28 ms, found 3 plugins.
Preloading 0 native plugins for Editor in 0.00 ms.
Mono: successfully reloaded assembly
- Completed reload, in  1.454 seconds
Domain Reload Profiling:
	ReloadAssembly (1455ms)
		BeginReloadAssembly (166ms)
			ExecutionOrderSort (0ms)
			DisableScriptedObjects (6ms)
			BackupInstance (0ms)
			ReleaseScriptingObjects (0ms)
			CreateAndSetChildDomain (58ms)
		EndReloadAssembly (1203ms)
			LoadAssemblies (87ms)
			RebuildTransferFunctionScriptingTraits (0ms)
			SetupTypeCache (317ms)
				TypeCache.Initialize (305ms)
					TypeCache.ScanAssembly (297ms)
				ResolveRequiredComponents (11ms)
			ReleaseScriptCaches (2ms)
			RebuildScriptCaches (80ms)
			SetupLoadedEditorAssemblies (587ms)
				LogAssemblyErrors (0ms)
				InitializePlatformSupportModulesInManaged (12ms)
				SetLoadedEditorAssemblies (9ms)
				RefreshPlugins (1ms)
				BeforeProcessingInitializeOnLoad (94ms)
				ProcessInitializeOnLoadAttributes (434ms)
				ProcessInitializeOnLoadMethodAttributes (34ms)
				AfterProcessingInitializeOnLoad (2ms)
				EditorAssembliesLoaded (0ms)
			ExecutionOrderSort2 (0ms)
			AwakeInstancesAfterBackupRestoration (17ms)
Platform modules already initialized, skipping
Refreshing native plugins compatible for Editor in 2.12 ms, found 3 plugins.
Preloading 0 native plugins for Editor in 0.00 ms.
Unloading 5821 Unused Serialized files (Serialized files now loaded: 0)
Unloading 40 unused Assets / (3.4 MB). Loaded Objects now: 6888.
Memory consumption went from 0.93 GB to 0.93 GB.
Total: 4.365700 ms (FindLiveObjects: 0.517500 ms CreateObjectMapping: 0.152400 ms MarkObjects: 2.980900 ms  DeleteObjects: 0.713700 ms)

AssetImportParameters requested are different than current active one (requested -> active):
  custom:video-decoder-ogg-theora: a1e56fd34408186e4bbccfd4996cb3dc -> 
  custom:container-muxer-webm: aa71ff27fc2769a1b78a27578f13a17b -> 
  custom:container-demuxer-webm: 4f35f7cbe854078d1ac9338744f61a02 -> 
  custom:video-encoder-webm-vp8: eb34c28f22e8b96e1ab97ce403110664 -> 
  custom:audio-encoder-webm-vorbis: bf7c407c2cedff20999df2af8eb42d56 -> 
  custom:framework-win-MediaFoundation: 216162199b28c13a410421893ffa2e32 -> 
  custom:container-demuxer-ogg: 62fdf1f143b41e24485cea50d1cbac27 -> 
  custom:video-decoder-webm-vp8: 9c59270c3fd7afecdb556c50c9e8de78 -> 
  custom:audio-decoder-ogg-vorbis: bf7c407c2cedff20999df2af8eb42d56 -> 
========================================================================
Received Import Request.
  Time since last request: 713.357344 seconds.
  path: Assets/Textures/Skybox Cubemaps/Materials
  artifactKey: Guid(672cdc0364b05de41852bd4e491ef6bf) Importer(815301076,1909f56bfc062723c751e8b465ee728b)
Start importing Assets/Textures/Skybox Cubemaps/Materials using Guid(672cdc0364b05de41852bd4e491ef6bf) Importer(815301076,1909f56bfc062723c751e8b465ee728b)  -> (artifact id: 'b1f5872ee14f4d4e7aaa85a7a6859eec') in 0.012108 seconds 
========================================================================
Received Import Request.
  Time since last request: 7.101859 seconds.
  path: Assets/Textures/Table
  artifactKey: Guid(6a776b1d323928c41b3e6803ced91d12) Importer(815301076,1909f56bfc062723c751e8b465ee728b)
Start importing Assets/Textures/Table using Guid(6a776b1d323928c41b3e6803ced91d12) Importer(815301076,1909f56bfc062723c751e8b465ee728b)  -> (artifact id: '74ef40af02551ea5ab16c4dfff01fb40') in 0.002570 seconds 
========================================================================
Received Import Request.
  Time since last request: 89.329663 seconds.
  path: Assets/Prefabs/Chess Board.prefab
  artifactKey: Guid(de3f1177eeb16624a8c3f48c990da96b) Importer(815301076,1909f56bfc062723c751e8b465ee728b)
Start importing Assets/Prefabs/Chess Board.prefab using Guid(de3f1177eeb16624a8c3f48c990da96b) Importer(815301076,1909f56bfc062723c751e8b465ee728b)  -> (artifact id: '0a41c035ec5fb3a7ae461cf1be08cb44') in 0.744277 seconds 
========================================================================
Received Import Request.
  Time since last request: 11.658151 seconds.
  path: Assets/Prefabs/Black/Bishop.prefab
  artifactKey: Guid(a1aac1b0bc06b0e41bb760696c35b731) Importer(815301076,1909f56bfc062723c751e8b465ee728b)
Start importing Assets/Prefabs/Black/Bishop.prefab using Guid(a1aac1b0bc06b0e41bb760696c35b731) Importer(815301076,1909f56bfc062723c751e8b465ee728b)  -> (artifact id: '7bca7782a1cc191d837bdbdf0c4acc03') in 0.741258 seconds 
========================================================================
Received Import Request.
  Time since last request: 25.422615 seconds.
  path: Assets/Materials/Chess Board/Edge.mat
  artifactKey: Guid(ac3e37e7dafdfe9479fa2de9f3584033) Importer(815301076,1909f56bfc062723c751e8b465ee728b)
Start importing Assets/Materials/Chess Board/Edge.mat using Guid(ac3e37e7dafdfe9479fa2de9f3584033) Importer(815301076,1909f56bfc062723c751e8b465ee728b)  -> (artifact id: 'a200510722781ba2de47dd697a7e2619') in 0.028909 seconds 
========================================================================
Received Import Request.
  Time since last request: 87.690819 seconds.
  path: Assets/Prefabs/Black/King.prefab
  artifactKey: Guid(c0eafb7a362b80047a7fade7deed855f) Importer(815301076,1909f56bfc062723c751e8b465ee728b)
Start importing Assets/Prefabs/Black/King.prefab using Guid(c0eafb7a362b80047a7fade7deed855f) Importer(815301076,1909f56bfc062723c751e8b465ee728b)  -> (artifact id: '50ef329707d62a414a67e0d6b8e41d41') in 0.268409 seconds 
========================================================================
Received Import Request.
  Time since last request: 2.800059 seconds.
  path: Assets/Prefabs/White/King (1).prefab
  artifactKey: Guid(fac4f46ef6a22a5468068092cc52cad8) Importer(815301076,1909f56bfc062723c751e8b465ee728b)
Start importing Assets/Prefabs/White/King (1).prefab using Guid(fac4f46ef6a22a5468068092cc52cad8) Importer(815301076,1909f56bfc062723c751e8b465ee728b)  -> (artifact id: '606ec09ffda84653d869f77d956cb154') in 0.263034 seconds 
========================================================================
Received Import Request.
  Time since last request: 4.902641 seconds.
  path: Assets/Prefabs/White/King.prefab
  artifactKey: Guid(fac4f46ef6a22a5468068092cc52cad8) Importer(815301076,1909f56bfc062723c751e8b465ee728b)
Start importing Assets/Prefabs/White/King.prefab using Guid(fac4f46ef6a22a5468068092cc52cad8) Importer(815301076,1909f56bfc062723c751e8b465ee728b)  -> (artifact id: '6bbfe64da1e8c1e60d62d03996d1d692') in 0.253745 seconds 
========================================================================
Received Import Request.
  Time since last request: 111.844800 seconds.
  path: Assets/Prefabs/Black/Knight.prefab
  artifactKey: Guid(3f0fe39264bfe5740b191f02020e7a50) Importer(815301076,1909f56bfc062723c751e8b465ee728b)
Start importing Assets/Prefabs/Black/Knight.prefab using Guid(3f0fe39264bfe5740b191f02020e7a50) Importer(815301076,1909f56bfc062723c751e8b465ee728b)  -> (artifact id: '3d577e7a31f4345c342ccbf6ad4a33eb') in 0.174192 seconds 
========================================================================
Received Import Request.
  Time since last request: 5.883597 seconds.
  path: Assets/Prefabs/White/Knight (1).prefab
  artifactKey: Guid(911fd84d5bc56e04eae6de801d1f620d) Importer(815301076,1909f56bfc062723c751e8b465ee728b)
Start importing Assets/Prefabs/White/Knight (1).prefab using Guid(911fd84d5bc56e04eae6de801d1f620d) Importer(815301076,1909f56bfc062723c751e8b465ee728b)  -> (artifact id: '6fc9f230bf2b523208dacea31822eea9') in 0.161826 seconds 
========================================================================
Received Import Request.
  Time since last request: 4.116675 seconds.
  path: Assets/Prefabs/White/Knight.prefab
  artifactKey: Guid(911fd84d5bc56e04eae6de801d1f620d) Importer(815301076,1909f56bfc062723c751e8b465ee728b)
Start importing Assets/Prefabs/White/Knight.prefab using Guid(911fd84d5bc56e04eae6de801d1f620d) Importer(815301076,1909f56bfc062723c751e8b465ee728b)  -> (artifact id: 'fd508366c0900808767579d501e0d297') in 0.163477 seconds 
========================================================================
Received Prepare
Registering precompiled user dll's ...
Registered in 0.005867 seconds.
Begin MonoManager ReloadAssembly
Symbol file LoadedFromMemory doesn't match image C:\Users\edand\Unity files\Chess3D\Unity Files\Library\PackageCache\com.unity.visualscripting@1.7.6\Editor\VisualScripting.Core\Dependencies\YamlDotNet\Unity.VisualScripting.YamlDotNet.dll
Symbol file LoadedFromMemory doesn't match image C:\Users\edand\Unity files\Chess3D\Unity Files\Library\PackageCache\com.unity.visualscripting@1.7.6\Editor\VisualScripting.Core\Dependencies\DotNetZip\Unity.VisualScripting.IonicZip.dll
Native extension for WindowsStandalone target not found
Refreshing native plugins compatible for Editor in 1.16 ms, found 3 plugins.
Preloading 0 native plugins for Editor in 0.00 ms.
Mono: successfully reloaded assembly
- Completed reload, in  1.477 seconds
Domain Reload Profiling:
	ReloadAssembly (1478ms)
		BeginReloadAssembly (210ms)
			ExecutionOrderSort (0ms)
			DisableScriptedObjects (32ms)
			BackupInstance (0ms)
			ReleaseScriptingObjects (0ms)
			CreateAndSetChildDomain (63ms)
		EndReloadAssembly (1179ms)
			LoadAssemblies (95ms)
			RebuildTransferFunctionScriptingTraits (0ms)
			SetupTypeCache (319ms)
				TypeCache.Initialize (309ms)
					TypeCache.ScanAssembly (302ms)
				ResolveRequiredComponents (10ms)
			ReleaseScriptCaches (2ms)
			RebuildScriptCaches (82ms)
			SetupLoadedEditorAssemblies (554ms)
				LogAssemblyErrors (0ms)
				InitializePlatformSupportModulesInManaged (11ms)
				SetLoadedEditorAssemblies (8ms)
				RefreshPlugins (1ms)
				BeforeProcessingInitializeOnLoad (88ms)
				ProcessInitializeOnLoadAttributes (414ms)
				ProcessInitializeOnLoadMethodAttributes (30ms)
				AfterProcessingInitializeOnLoad (2ms)
				EditorAssembliesLoaded (0ms)
			ExecutionOrderSort2 (0ms)
			AwakeInstancesAfterBackupRestoration (18ms)
Platform modules already initialized, skipping
Refreshing native plugins compatible for Editor in 2.44 ms, found 3 plugins.
Preloading 0 native plugins for Editor in 0.00 ms.
Unloading 5821 Unused Serialized files (Serialized files now loaded: 0)
Unloading 40 unused Assets / (3.4 MB). Loaded Objects now: 6999.
Memory consumption went from 0.93 GB to 0.93 GB.
Total: 4.531200 ms (FindLiveObjects: 0.521500 ms CreateObjectMapping: 0.143500 ms MarkObjects: 3.199000 ms  DeleteObjects: 0.666000 ms)

AssetImportParameters requested are different than current active one (requested -> active):
  custom:video-decoder-ogg-theora: a1e56fd34408186e4bbccfd4996cb3dc -> 
  custom:container-muxer-webm: aa71ff27fc2769a1b78a27578f13a17b -> 
  custom:container-demuxer-webm: 4f35f7cbe854078d1ac9338744f61a02 -> 
  custom:video-encoder-webm-vp8: eb34c28f22e8b96e1ab97ce403110664 -> 
  custom:audio-encoder-webm-vorbis: bf7c407c2cedff20999df2af8eb42d56 -> 
  custom:framework-win-MediaFoundation: 216162199b28c13a410421893ffa2e32 -> 
  custom:container-demuxer-ogg: 62fdf1f143b41e24485cea50d1cbac27 -> 
  custom:video-decoder-webm-vp8: 9c59270c3fd7afecdb556c50c9e8de78 -> 
  custom:audio-decoder-ogg-vorbis: bf7c407c2cedff20999df2af8eb42d56 -> 
========================================================================
Received Import Request.
  Time since last request: 430.495567 seconds.
  path: Assets/Prefabs/White/Knight (1).prefab
  artifactKey: Guid(164be2474a96fae4fa70f8591369221c) Importer(815301076,1909f56bfc062723c751e8b465ee728b)
Start importing Assets/Prefabs/White/Knight (1).prefab using Guid(164be2474a96fae4fa70f8591369221c) Importer(815301076,1909f56bfc062723c751e8b465ee728b)  -> (artifact id: 'df7bed1a90c03e71eb36364d446695c1') in 0.820297 seconds 
========================================================================
Received Import Request.
  Time since last request: 5.834766 seconds.
  path: Assets/Prefabs/Black/Knight 1.prefab
  artifactKey: Guid(64daa4b69baf96d4b8a7c5c1bd26ad3a) Importer(815301076,1909f56bfc062723c751e8b465ee728b)
Start importing Assets/Prefabs/Black/Knight 1.prefab using Guid(64daa4b69baf96d4b8a7c5c1bd26ad3a) Importer(815301076,1909f56bfc062723c751e8b465ee728b)  -> (artifact id: '8a2211eeeec82cc86310d1ba3b4550ed') in 0.172031 seconds 
========================================================================
Received Import Request.
  Time since last request: 117.625852 seconds.
  path: Assets/Scenes/main/ReflectionProbe-0.exr
  artifactKey: Guid(5a753bb608742654b816abc4d9ffcffe) Importer(815301076,1909f56bfc062723c751e8b465ee728b)
Start importing Assets/Scenes/main/ReflectionProbe-0.exr using Guid(5a753bb608742654b816abc4d9ffcffe) Importer(815301076,1909f56bfc062723c751e8b465ee728b)  -> (artifact id: '48fcaa9b1371fc16d3b6ab3fd885a968') in 0.051269 seconds 
========================================================================
Received Import Request.
  Time since last request: 3.424663 seconds.
  path: Assets/Scenes/main/ReflectionProbe-0.exr
  artifactKey: Guid(5a753bb608742654b816abc4d9ffcffe) Importer(815301076,1909f56bfc062723c751e8b465ee728b)
Start importing Assets/Scenes/main/ReflectionProbe-0.exr using Guid(5a753bb608742654b816abc4d9ffcffe) Importer(815301076,1909f56bfc062723c751e8b465ee728b)  -> (artifact id: 'ef92dec766fc9483a205a518e4538a8f') in 0.039902 seconds 
========================================================================
Received Import Request.
  Time since last request: 99.312199 seconds.
  path: Assets/Scenes/main/ReflectionProbe-0.exr
  artifactKey: Guid(5a753bb608742654b816abc4d9ffcffe) Importer(815301076,1909f56bfc062723c751e8b465ee728b)
Start importing Assets/Scenes/main/ReflectionProbe-0.exr using Guid(5a753bb608742654b816abc4d9ffcffe) Importer(815301076,1909f56bfc062723c751e8b465ee728b)  -> (artifact id: '706c82d4b851a8d5de83fe91c7759027') in 0.044202 seconds 
========================================================================
Received Import Request.
  Time since last request: 3.060587 seconds.
  path: Assets/Scenes/main/ReflectionProbe-0.exr
  artifactKey: Guid(5a753bb608742654b816abc4d9ffcffe) Importer(815301076,1909f56bfc062723c751e8b465ee728b)
Start importing Assets/Scenes/main/ReflectionProbe-0.exr using Guid(5a753bb608742654b816abc4d9ffcffe) Importer(815301076,1909f56bfc062723c751e8b465ee728b)  -> (artifact id: 'd11fe44ad6685169dd71766a614deec2') in 0.043335 seconds 
========================================================================
Received Import Request.
  Time since last request: 24.878946 seconds.
  path: Assets/Scenes/main/ReflectionProbe-0.exr
  artifactKey: Guid(5a753bb608742654b816abc4d9ffcffe) Importer(815301076,1909f56bfc062723c751e8b465ee728b)
Start importing Assets/Scenes/main/ReflectionProbe-0.exr using Guid(5a753bb608742654b816abc4d9ffcffe) Importer(815301076,1909f56bfc062723c751e8b465ee728b)  -> (artifact id: '300c4172fc79c957c9a4d3857c2e4ad2') in 0.043030 seconds 
========================================================================
Received Prepare
Registering precompiled user dll's ...
Registered in 0.004654 seconds.
Begin MonoManager ReloadAssembly
Symbol file LoadedFromMemory doesn't match image C:\Users\edand\Unity files\Chess3D\Unity Files\Library\PackageCache\com.unity.visualscripting@1.7.6\Editor\VisualScripting.Core\Dependencies\YamlDotNet\Unity.VisualScripting.YamlDotNet.dll
Symbol file LoadedFromMemory doesn't match image C:\Users\edand\Unity files\Chess3D\Unity Files\Library\PackageCache\com.unity.visualscripting@1.7.6\Editor\VisualScripting.Core\Dependencies\DotNetZip\Unity.VisualScripting.IonicZip.dll
Native extension for WindowsStandalone target not found
Refreshing native plugins compatible for Editor in 1.19 ms, found 3 plugins.
Preloading 0 native plugins for Editor in 0.00 ms.
Mono: successfully reloaded assembly
- Completed reload, in  1.535 seconds
Domain Reload Profiling:
	ReloadAssembly (1536ms)
		BeginReloadAssembly (213ms)
			ExecutionOrderSort (0ms)
			DisableScriptedObjects (35ms)
			BackupInstance (0ms)
			ReleaseScriptingObjects (0ms)
			CreateAndSetChildDomain (61ms)
		EndReloadAssembly (1234ms)
			LoadAssemblies (89ms)
			RebuildTransferFunctionScriptingTraits (0ms)
			SetupTypeCache (327ms)
				TypeCache.Initialize (315ms)
					TypeCache.ScanAssembly (309ms)
				ResolveRequiredComponents (12ms)
			ReleaseScriptCaches (3ms)
			RebuildScriptCaches (85ms)
			SetupLoadedEditorAssemblies (583ms)
				LogAssemblyErrors (0ms)
				InitializePlatformSupportModulesInManaged (10ms)
				SetLoadedEditorAssemblies (8ms)
				RefreshPlugins (1ms)
				BeforeProcessingInitializeOnLoad (92ms)
				ProcessInitializeOnLoadAttributes (433ms)
				ProcessInitializeOnLoadMethodAttributes (35ms)
				AfterProcessingInitializeOnLoad (3ms)
				EditorAssembliesLoaded (0ms)
			ExecutionOrderSort2 (0ms)
			AwakeInstancesAfterBackupRestoration (23ms)
Platform modules already initialized, skipping
Refreshing native plugins compatible for Editor in 2.17 ms, found 3 plugins.
Preloading 0 native plugins for Editor in 0.00 ms.
Unloading 5821 Unused Serialized files (Serialized files now loaded: 0)
Unloading 40 unused Assets / (3.4 MB). Loaded Objects now: 7110.
Memory consumption went from 0.93 GB to 0.93 GB.
Total: 4.721400 ms (FindLiveObjects: 0.499000 ms CreateObjectMapping: 0.138400 ms MarkObjects: 3.300300 ms  DeleteObjects: 0.782100 ms)

AssetImportParameters requested are different than current active one (requested -> active):
  custom:video-decoder-ogg-theora: a1e56fd34408186e4bbccfd4996cb3dc -> 
  custom:container-muxer-webm: aa71ff27fc2769a1b78a27578f13a17b -> 
  custom:container-demuxer-webm: 4f35f7cbe854078d1ac9338744f61a02 -> 
  custom:video-encoder-webm-vp8: eb34c28f22e8b96e1ab97ce403110664 -> 
  custom:audio-encoder-webm-vorbis: bf7c407c2cedff20999df2af8eb42d56 -> 
  custom:framework-win-MediaFoundation: 216162199b28c13a410421893ffa2e32 -> 
  custom:container-demuxer-ogg: 62fdf1f143b41e24485cea50d1cbac27 -> 
  custom:video-decoder-webm-vp8: 9c59270c3fd7afecdb556c50c9e8de78 -> 
  custom:audio-decoder-ogg-vorbis: bf7c407c2cedff20999df2af8eb42d56 -> 
========================================================================
Received Import Request.
  Time since last request: 464.454068 seconds.
  path: Assets/Settings/HDRPDefaultResources
  artifactKey: Guid(181cd982040374fac84aed5329ef5583) Importer(815301076,1909f56bfc062723c751e8b465ee728b)
Start importing Assets/Settings/HDRPDefaultResources using Guid(181cd982040374fac84aed5329ef5583) Importer(815301076,1909f56bfc062723c751e8b465ee728b)  -> (artifact id: 'eacf985d24d1f54fd6af395160a8564b') in 0.017612 seconds 
========================================================================
Received Import Request.
  Time since last request: 0.038716 seconds.
  path: Assets/Settings/HDRPDefaultResources/FoliageDiffusionProfile.asset
  artifactKey: Guid(879ffae44eefa4412bb327928f1a96dd) Importer(815301076,1909f56bfc062723c751e8b465ee728b)
Start importing Assets/Settings/HDRPDefaultResources/FoliageDiffusionProfile.asset using Guid(879ffae44eefa4412bb327928f1a96dd) Importer(815301076,1909f56bfc062723c751e8b465ee728b)  -> (artifact id: 'eb351004d6f39267afac88e7ec396875') in 0.024932 seconds 
========================================================================
Received Import Request.
  Time since last request: 0.000019 seconds.
  path: Assets/Settings/HDRPDefaultResources/SkinDiffusionProfile.asset
  artifactKey: Guid(48e911a1e337b44e2b85dbc65b47a594) Importer(815301076,1909f56bfc062723c751e8b465ee728b)
Start importing Assets/Settings/HDRPDefaultResources/SkinDiffusionProfile.asset using Guid(48e911a1e337b44e2b85dbc65b47a594) Importer(815301076,1909f56bfc062723c751e8b465ee728b)  -> (artifact id: '25e0e5918fdf026d221c64128857ece4') in 0.008483 seconds 
========================================================================
Received Import Request.
  Time since last request: 179.771257 seconds.
  path: Assets/Prefabs/Black/Queen (1).prefab
  artifactKey: Guid(8c35831d8a31cbe4a883b8b0393106b7) Importer(815301076,1909f56bfc062723c751e8b465ee728b)
Start importing Assets/Prefabs/Black/Queen (1).prefab using Guid(8c35831d8a31cbe4a883b8b0393106b7) Importer(815301076,1909f56bfc062723c751e8b465ee728b)  -> (artifact id: '06fed700266aa8127e064edf8ead9767') in 0.846550 seconds 
========================================================================
Received Import Request.
  Time since last request: 1.466936 seconds.
  path: Assets/Prefabs/White/Queen.prefab
  artifactKey: Guid(40e9fdef29764254c99857ca35a15492) Importer(815301076,1909f56bfc062723c751e8b465ee728b)
Start importing Assets/Prefabs/White/Queen.prefab using Guid(40e9fdef29764254c99857ca35a15492) Importer(815301076,1909f56bfc062723c751e8b465ee728b)  -> (artifact id: '2daa5c5e5460c37b795e377147f78a93') in 0.182801 seconds 
========================================================================
Received Import Request.
  Time since last request: 6.175210 seconds.
  path: Assets/Prefabs/Black/Queen.prefab
  artifactKey: Guid(8c35831d8a31cbe4a883b8b0393106b7) Importer(815301076,1909f56bfc062723c751e8b465ee728b)
Start importing Assets/Prefabs/Black/Queen.prefab using Guid(8c35831d8a31cbe4a883b8b0393106b7) Importer(815301076,1909f56bfc062723c751e8b465ee728b)  -> (artifact id: '517703e6a2a075c513ed7ca31ce13884') in 0.169939 seconds 
========================================================================
Received Import Request.
  Time since last request: 14.153906 seconds.
  path: Assets/Prefabs/Black/Pawn.prefab
  artifactKey: Guid(15e60baf9e5dbc64fafcaf9ac4021e40) Importer(815301076,1909f56bfc062723c751e8b465ee728b)
Start importing Assets/Prefabs/Black/Pawn.prefab using Guid(15e60baf9e5dbc64fafcaf9ac4021e40) Importer(815301076,1909f56bfc062723c751e8b465ee728b)  -> (artifact id: 'f1b16f1da67b16d36a57aa0aaa145b64') in 0.058148 seconds 
========================================================================
Received Import Request.
  Time since last request: 7.089713 seconds.
  path: Assets/Prefabs/White/Pawn.prefab
  artifactKey: Guid(402bc0d3baca1e647ba3d7a347868c81) Importer(815301076,1909f56bfc062723c751e8b465ee728b)
Start importing Assets/Prefabs/White/Pawn.prefab using Guid(402bc0d3baca1e647ba3d7a347868c81) Importer(815301076,1909f56bfc062723c751e8b465ee728b)  -> (artifact id: '8e9de24871bb5b6492c595530c883f23') in 0.058460 seconds 
========================================================================
Received Import Request.
  Time since last request: 63.579815 seconds.
  path: Assets/Scenes
  artifactKey: Guid(79adbe9171474714fa08a8b525c65c49) Importer(815301076,1909f56bfc062723c751e8b465ee728b)
Start importing Assets/Scenes using Guid(79adbe9171474714fa08a8b525c65c49) Importer(815301076,1909f56bfc062723c751e8b465ee728b)  -> (artifact id: '80389f3b7d989085af1eb5423549b1ad') in 0.022427 seconds 
========================================================================
Received Import Request.
  Time since last request: 5.044963 seconds.
  path: Assets/Prefabs/White/Rook.prefab
  artifactKey: Guid(fc2b4208b168bc24da9fa54193b48b2d) Importer(815301076,1909f56bfc062723c751e8b465ee728b)
Start importing Assets/Prefabs/White/Rook.prefab using Guid(fc2b4208b168bc24da9fa54193b48b2d) Importer(815301076,1909f56bfc062723c751e8b465ee728b)  -> (artifact id: '3ac76d15f8c14c2f381e8912d780f652') in 0.137612 seconds 
========================================================================
Received Import Request.
  Time since last request: 14.690538 seconds.
  path: Assets/Prefabs/Black/Rook.prefab
  artifactKey: Guid(70f3384313c2316428ce4e98cee50103) Importer(815301076,1909f56bfc062723c751e8b465ee728b)
Start importing Assets/Prefabs/Black/Rook.prefab using Guid(70f3384313c2316428ce4e98cee50103) Importer(815301076,1909f56bfc062723c751e8b465ee728b)  -> (artifact id: 'd8a8d39ce6c8b3416e676430c123bdaf') in 0.137201 seconds 
========================================================================
Received Prepare
Registering precompiled user dll's ...
Registered in 0.004583 seconds.
Begin MonoManager ReloadAssembly
Symbol file LoadedFromMemory doesn't match image C:\Users\edand\Unity files\Chess3D\Unity Files\Library\PackageCache\com.unity.visualscripting@1.7.6\Editor\VisualScripting.Core\Dependencies\YamlDotNet\Unity.VisualScripting.YamlDotNet.dll
Symbol file LoadedFromMemory doesn't match image C:\Users\edand\Unity files\Chess3D\Unity Files\Library\PackageCache\com.unity.visualscripting@1.7.6\Editor\VisualScripting.Core\Dependencies\DotNetZip\Unity.VisualScripting.IonicZip.dll
Native extension for WindowsStandalone target not found
Refreshing native plugins compatible for Editor in 1.60 ms, found 3 plugins.
Preloading 0 native plugins for Editor in 0.00 ms.
Mono: successfully reloaded assembly
- Completed reload, in  1.755 seconds
Domain Reload Profiling:
	ReloadAssembly (1756ms)
		BeginReloadAssembly (225ms)
			ExecutionOrderSort (0ms)
			DisableScriptedObjects (39ms)
			BackupInstance (0ms)
			ReleaseScriptingObjects (0ms)
			CreateAndSetChildDomain (68ms)
		EndReloadAssembly (1448ms)
			LoadAssemblies (79ms)
			RebuildTransferFunctionScriptingTraits (0ms)
			SetupTypeCache (337ms)
				TypeCache.Initialize (325ms)
					TypeCache.ScanAssembly (310ms)
				ResolveRequiredComponents (11ms)
			ReleaseScriptCaches (3ms)
			RebuildScriptCaches (87ms)
			SetupLoadedEditorAssemblies (742ms)
				LogAssemblyErrors (0ms)
				InitializePlatformSupportModulesInManaged (16ms)
				SetLoadedEditorAssemblies (11ms)
				RefreshPlugins (2ms)
				BeforeProcessingInitializeOnLoad (131ms)
				ProcessInitializeOnLoadAttributes (531ms)
				ProcessInitializeOnLoadMethodAttributes (49ms)
				AfterProcessingInitializeOnLoad (3ms)
				EditorAssembliesLoaded (0ms)
			ExecutionOrderSort2 (0ms)
			AwakeInstancesAfterBackupRestoration (34ms)
Platform modules already initialized, skipping
Refreshing native plugins compatible for Editor in 3.66 ms, found 3 plugins.
Preloading 0 native plugins for Editor in 0.00 ms.
Unloading 5833 Unused Serialized files (Serialized files now loaded: 0)
Unloading 40 unused Assets / (3.4 MB). Loaded Objects now: 7233.
Memory consumption went from 0.94 GB to 0.93 GB.
Total: 5.926200 ms (FindLiveObjects: 0.661600 ms CreateObjectMapping: 0.158800 ms MarkObjects: 4.181600 ms  DeleteObjects: 0.922100 ms)

AssetImportParameters requested are different than current active one (requested -> active):
  custom:video-decoder-ogg-theora: a1e56fd34408186e4bbccfd4996cb3dc -> 
  custom:container-muxer-webm: aa71ff27fc2769a1b78a27578f13a17b -> 
  custom:container-demuxer-webm: 4f35f7cbe854078d1ac9338744f61a02 -> 
  custom:video-encoder-webm-vp8: eb34c28f22e8b96e1ab97ce403110664 -> 
  custom:audio-encoder-webm-vorbis: bf7c407c2cedff20999df2af8eb42d56 -> 
  custom:framework-win-MediaFoundation: 216162199b28c13a410421893ffa2e32 -> 
  custom:container-demuxer-ogg: 62fdf1f143b41e24485cea50d1cbac27 -> 
  custom:video-decoder-webm-vp8: 9c59270c3fd7afecdb556c50c9e8de78 -> 
  custom:audio-decoder-ogg-vorbis: bf7c407c2cedff20999df2af8eb42d56 -> 
========================================================================
Received Import Request.
  Time since last request: 231.173815 seconds.
  path: Assets/Scenes/main/ReflectionProbe-0.exr
  artifactKey: Guid(5a753bb608742654b816abc4d9ffcffe) Importer(815301076,1909f56bfc062723c751e8b465ee728b)
Start importing Assets/Scenes/main/ReflectionProbe-0.exr using Guid(5a753bb608742654b816abc4d9ffcffe) Importer(815301076,1909f56bfc062723c751e8b465ee728b)  -> (artifact id: 'eb48f073ee5897be6a1930f3c7e22575') in 0.110071 seconds 
========================================================================
Received Import Request.
  Time since last request: 1.708482 seconds.
  path: Assets/Scenes/main/ReflectionProbe-0.exr
  artifactKey: Guid(5a753bb608742654b816abc4d9ffcffe) Importer(815301076,1909f56bfc062723c751e8b465ee728b)
Start importing Assets/Scenes/main/ReflectionProbe-0.exr using Guid(5a753bb608742654b816abc4d9ffcffe) Importer(815301076,1909f56bfc062723c751e8b465ee728b)  -> (artifact id: '495be162e513e55475c0525e1cda5f51') in 0.038717 seconds 
========================================================================
Received Import Request.
  Time since last request: 2348.519316 seconds.
  path: Assets/Scenes/main/PlanarProbe-1.exr
  artifactKey: Guid(8a6211a212739554c8c5efaecb1b3bdc) Importer(815301076,1909f56bfc062723c751e8b465ee728b)
Start importing Assets/Scenes/main/PlanarProbe-1.exr using Guid(8a6211a212739554c8c5efaecb1b3bdc) Importer(815301076,1909f56bfc062723c751e8b465ee728b)  -> (artifact id: 'f7e6914cc64325cc48da950fba460ee5') in 0.102004 seconds 
========================================================================
Received Import Request.
  Time since last request: 1.540553 seconds.
  path: Assets/Scenes/main/ReflectionProbe-0.exr
  artifactKey: Guid(5a753bb608742654b816abc4d9ffcffe) Importer(815301076,1909f56bfc062723c751e8b465ee728b)
Start importing Assets/Scenes/main/ReflectionProbe-0.exr using Guid(5a753bb608742654b816abc4d9ffcffe) Importer(815301076,1909f56bfc062723c751e8b465ee728b)  -> (artifact id: 'b6d3d40926d841692bc33830667e87f5') in 0.044269 seconds 
========================================================================
Received Import Request.
  Time since last request: 54.555806 seconds.
  path: Assets/Scenes/main/ReflectionProbe-0.exr
  artifactKey: Guid(5a753bb608742654b816abc4d9ffcffe) Importer(815301076,1909f56bfc062723c751e8b465ee728b)
Start importing Assets/Scenes/main/ReflectionProbe-0.exr using Guid(5a753bb608742654b816abc4d9ffcffe) Importer(815301076,1909f56bfc062723c751e8b465ee728b)  -> (artifact id: '2223b72a4e194189116406aa2d6f7568') in 0.040975 seconds 
========================================================================
Received Import Request.
  Time since last request: 10.635305 seconds.
  path: Assets/Scenes/main/ReflectionProbe-0.exr
  artifactKey: Guid(5a753bb608742654b816abc4d9ffcffe) Importer(815301076,1909f56bfc062723c751e8b465ee728b)
Start importing Assets/Scenes/main/ReflectionProbe-0.exr using Guid(5a753bb608742654b816abc4d9ffcffe) Importer(815301076,1909f56bfc062723c751e8b465ee728b)  -> (artifact id: '3861b722112a86ec19b8add3225d84ac') in 0.043874 seconds 
========================================================================
Received Import Request.
  Time since last request: 394.788408 seconds.
  path: Assets/Scenes/main/ReflectionProbe-0.exr
  artifactKey: Guid(5a753bb608742654b816abc4d9ffcffe) Importer(815301076,1909f56bfc062723c751e8b465ee728b)
Start importing Assets/Scenes/main/ReflectionProbe-0.exr using Guid(5a753bb608742654b816abc4d9ffcffe) Importer(815301076,1909f56bfc062723c751e8b465ee728b)  -> (artifact id: '4b871d9f97f31362d9bff9d10cf50976') in 0.044960 seconds 
========================================================================
Received Import Request.
  Time since last request: 1.966496 seconds.
  path: Assets/Scenes/main/ReflectionProbe-0.exr
  artifactKey: Guid(5a753bb608742654b816abc4d9ffcffe) Importer(815301076,1909f56bfc062723c751e8b465ee728b)
Start importing Assets/Scenes/main/ReflectionProbe-0.exr using Guid(5a753bb608742654b816abc4d9ffcffe) Importer(815301076,1909f56bfc062723c751e8b465ee728b)  -> (artifact id: '5bd77994f88a17865dfa1b39682308a6') in 0.046234 seconds 
========================================================================
Received Import Request.
  Time since last request: 123.367611 seconds.
  path: Assets/Scenes/main/ReflectionProbe-0.exr
  artifactKey: Guid(5a753bb608742654b816abc4d9ffcffe) Importer(815301076,1909f56bfc062723c751e8b465ee728b)
Start importing Assets/Scenes/main/ReflectionProbe-0.exr using Guid(5a753bb608742654b816abc4d9ffcffe) Importer(815301076,1909f56bfc062723c751e8b465ee728b)  -> (artifact id: '20a99cdf92ac454e3af9ca4e1b06344e') in 0.047049 seconds 
========================================================================
Received Import Request.
  Time since last request: 2.178876 seconds.
  path: Assets/Scenes/main/ReflectionProbe-0.exr
  artifactKey: Guid(5a753bb608742654b816abc4d9ffcffe) Importer(815301076,1909f56bfc062723c751e8b465ee728b)
Start importing Assets/Scenes/main/ReflectionProbe-0.exr using Guid(5a753bb608742654b816abc4d9ffcffe) Importer(815301076,1909f56bfc062723c751e8b465ee728b)  -> (artifact id: '4a4415023bc0a5756c72da44eb2017a3') in 0.038914 seconds 
========================================================================
Received Import Request.
  Time since last request: 4.322097 seconds.
  path: Assets/Scenes/main/ReflectionProbe-0.exr
  artifactKey: Guid(5a753bb608742654b816abc4d9ffcffe) Importer(815301076,1909f56bfc062723c751e8b465ee728b)
Start importing Assets/Scenes/main/ReflectionProbe-0.exr using Guid(5a753bb608742654b816abc4d9ffcffe) Importer(815301076,1909f56bfc062723c751e8b465ee728b)  -> (artifact id: 'c3fc8741741d3b10289a4c39264aa28b') in 0.042429 seconds 
========================================================================
Received Import Request.
  Time since last request: 14.432480 seconds.
  path: Assets/Scenes/main/ReflectionProbe-0.exr
  artifactKey: Guid(5a753bb608742654b816abc4d9ffcffe) Importer(815301076,1909f56bfc062723c751e8b465ee728b)
Start importing Assets/Scenes/main/ReflectionProbe-0.exr using Guid(5a753bb608742654b816abc4d9ffcffe) Importer(815301076,1909f56bfc062723c751e8b465ee728b)  -> (artifact id: '2f7903288b8636e23edc29fb77033b8a') in 0.041711 seconds 
========================================================================
Received Import Request.
  Time since last request: 153.928706 seconds.
  path: Assets/Scenes/main/ReflectionProbe-0.exr
  artifactKey: Guid(5a753bb608742654b816abc4d9ffcffe) Importer(815301076,1909f56bfc062723c751e8b465ee728b)
Start importing Assets/Scenes/main/ReflectionProbe-0.exr using Guid(5a753bb608742654b816abc4d9ffcffe) Importer(815301076,1909f56bfc062723c751e8b465ee728b)  -> (artifact id: '1716176774b036c8872c2c6abe9215a9') in 0.036244 seconds 
========================================================================
Received Import Request.
  Time since last request: 3.115143 seconds.
  path: Assets/Scenes/main/ReflectionProbe-0.exr
  artifactKey: Guid(5a753bb608742654b816abc4d9ffcffe) Importer(815301076,1909f56bfc062723c751e8b465ee728b)
Start importing Assets/Scenes/main/ReflectionProbe-0.exr using Guid(5a753bb608742654b816abc4d9ffcffe) Importer(815301076,1909f56bfc062723c751e8b465ee728b)  -> (artifact id: 'df5479c608e242c04b454075c1fa043b') in 0.033389 seconds 
========================================================================
Received Prepare
Registering precompiled user dll's ...
Registered in 0.004931 seconds.
Begin MonoManager ReloadAssembly
Symbol file LoadedFromMemory doesn't match image C:\Users\edand\Unity files\Chess3D\Unity Files\Library\PackageCache\com.unity.visualscripting@1.7.6\Editor\VisualScripting.Core\Dependencies\YamlDotNet\Unity.VisualScripting.YamlDotNet.dll
Symbol file LoadedFromMemory doesn't match image C:\Users\edand\Unity files\Chess3D\Unity Files\Library\PackageCache\com.unity.visualscripting@1.7.6\Editor\VisualScripting.Core\Dependencies\DotNetZip\Unity.VisualScripting.IonicZip.dll
Native extension for WindowsStandalone target not found
Refreshing native plugins compatible for Editor in 1.62 ms, found 3 plugins.
Preloading 0 native plugins for Editor in 0.00 ms.
Mono: successfully reloaded assembly
- Completed reload, in  1.745 seconds
Domain Reload Profiling:
	ReloadAssembly (1746ms)
		BeginReloadAssembly (311ms)
			ExecutionOrderSort (0ms)
			DisableScriptedObjects (25ms)
			BackupInstance (0ms)
			ReleaseScriptingObjects (0ms)
			CreateAndSetChildDomain (131ms)
		EndReloadAssembly (1338ms)
			LoadAssemblies (112ms)
			RebuildTransferFunctionScriptingTraits (0ms)
			SetupTypeCache (361ms)
				TypeCache.Initialize (351ms)
					TypeCache.ScanAssembly (340ms)
				ResolveRequiredComponents (11ms)
			ReleaseScriptCaches (3ms)
			RebuildScriptCaches (86ms)
			SetupLoadedEditorAssemblies (634ms)
				LogAssemblyErrors (0ms)
				InitializePlatformSupportModulesInManaged (11ms)
				SetLoadedEditorAssemblies (10ms)
				RefreshPlugins (2ms)
				BeforeProcessingInitializeOnLoad (113ms)
				ProcessInitializeOnLoadAttributes (458ms)
				ProcessInitializeOnLoadMethodAttributes (35ms)
				AfterProcessingInitializeOnLoad (3ms)
				EditorAssembliesLoaded (0ms)
			ExecutionOrderSort2 (0ms)
			AwakeInstancesAfterBackupRestoration (25ms)
Platform modules already initialized, skipping
Refreshing native plugins compatible for Editor in 3.23 ms, found 3 plugins.
Preloading 0 native plugins for Editor in 0.00 ms.
Unloading 5833 Unused Serialized files (Serialized files now loaded: 0)
Unloading 40 unused Assets / (3.4 MB). Loaded Objects now: 7235.
Memory consumption went from 0.94 GB to 0.93 GB.
Total: 4.944000 ms (FindLiveObjects: 0.504400 ms CreateObjectMapping: 0.144100 ms MarkObjects: 3.641000 ms  DeleteObjects: 0.653200 ms)

AssetImportParameters requested are different than current active one (requested -> active):
  custom:video-decoder-ogg-theora: a1e56fd34408186e4bbccfd4996cb3dc -> 
  custom:container-muxer-webm: aa71ff27fc2769a1b78a27578f13a17b -> 
  custom:container-demuxer-webm: 4f35f7cbe854078d1ac9338744f61a02 -> 
  custom:video-encoder-webm-vp8: eb34c28f22e8b96e1ab97ce403110664 -> 
  custom:audio-encoder-webm-vorbis: bf7c407c2cedff20999df2af8eb42d56 -> 
  custom:framework-win-MediaFoundation: 216162199b28c13a410421893ffa2e32 -> 
  custom:container-demuxer-ogg: 62fdf1f143b41e24485cea50d1cbac27 -> 
  custom:video-decoder-webm-vp8: 9c59270c3fd7afecdb556c50c9e8de78 -> 
  custom:audio-decoder-ogg-vorbis: bf7c407c2cedff20999df2af8eb42d56 -> 
========================================================================
Received Import Request.
  Time since last request: 1910.422269 seconds.
  path: Assets/Prefabs/White/Bishop.prefab
  artifactKey: Guid(4eeb24cbe01ba5643a2aaf0a66e95789) Importer(815301076,1909f56bfc062723c751e8b465ee728b)
Start importing Assets/Prefabs/White/Bishop.prefab using Guid(4eeb24cbe01ba5643a2aaf0a66e95789) Importer(815301076,1909f56bfc062723c751e8b465ee728b)  -> (artifact id: 'ac2e595f9c9a119a9c35ec911c3cfb0c') in 1.759364 seconds 
========================================================================
Received Import Request.
  Time since last request: 0.000061 seconds.
  path: Assets/Prefabs/White/Queen.prefab
  artifactKey: Guid(40e9fdef29764254c99857ca35a15492) Importer(815301076,1909f56bfc062723c751e8b465ee728b)
Start importing Assets/Prefabs/White/Queen.prefab using Guid(40e9fdef29764254c99857ca35a15492) Importer(815301076,1909f56bfc062723c751e8b465ee728b)  -> (artifact id: 'a66fe823934b163d89303e5c80553312') in 0.225441 seconds 
========================================================================
Received Import Request.
  Time since last request: 0.000043 seconds.
  path: Assets/Prefabs/White/Pawn.prefab
  artifactKey: Guid(402bc0d3baca1e647ba3d7a347868c81) Importer(815301076,1909f56bfc062723c751e8b465ee728b)
Start importing Assets/Prefabs/White/Pawn.prefab using Guid(402bc0d3baca1e647ba3d7a347868c81) Importer(815301076,1909f56bfc062723c751e8b465ee728b)  -> (artifact id: 'f581367e12336dfd13c08deb4367b04e') in 0.063270 seconds 
Editor requested this worker to shutdown with reason: Scaling down because of idle timeout
AssetImportWorker is now disconnected from the server
Process exiting
Exiting without the bug reporter. Application will terminate with return code 0